1Ô∏è‚É£ What EXPLAIN and EXPLAIN ANALYZE do

EXPLAIN

Shows the query execution plan without actually running the query.

Useful to see:

Join methods (Nested Loop, Hash Join, Merge Join)

Scan type (Seq Scan, Index Scan)

Estimated rows and cost

EXPLAIN ANALYZE

Actually runs the query and gives real runtime statistics in addition to the plan.

Shows:

Actual time spent per step (ms)

Actual number of rows processed

Total execution time

Where the query spends most CPU / I/O

Architect loves EXPLAIN ANALYZE because it shows reality vs. planner estimate.

2Ô∏è‚É£ Key Output Fields

For Postgres, a typical output snippet:

Hash Join  (cost=1000.00..5000.00 rows=1000 width=50) (actual time=2.3..5.6 rows=1000 loops=1)
  Hash Cond: (a.id = b.a_id)
  -> Seq Scan on table_a a  (cost=0.00..2000.00 rows=100000 width=20) (actual time=0.1..1.5 rows=100000 loops=1)
  -> Hash  (cost=500.00..500.00 rows=1000 width=30) (actual time=2.0..2.0 rows=1000 loops=1)
        -> Seq Scan on table_b b  (cost=0.00..500.00 rows=1000 width=30) (actual time=0.05..0.07 rows=1000 loops=1)


Explanation:

| Field            | Meaning                                                           |
| ---------------- | ----------------------------------------------------------------- |
| `Seq Scan`       | Full table scan                                                   |
| `Index Scan`     | Using index                                                       |
| `Hash Join`      | Type of join executed                                             |
| `cost=..`        | Planner‚Äôs estimated startup and total cost                        |
| `rows=`          | Estimated number of rows                                          |
| `actual time=..` | Real time taken to execute this step                              |
| `loops=`         | How many times this step was executed (important in nested loops) |


3Ô∏è‚É£ How to use it to optimize queries

Compare estimated vs actual rows

Huge difference ‚Üí maybe missing index or bad stats

Look at time per node

Step taking most time ‚Üí focus optimization there

Check scan type

Seq Scan on a huge table ‚Üí maybe add index

Nested loop on large tables ‚Üí maybe change join type

Check loops

Nested loop repeating thousands of times ‚Üí could rewrite query or add index

Check total execution time

Gives baseline to measure improvement after optimization

4Ô∏è‚É£ Architect-friendly answer

‚ÄúEXPLAIN ANALYZE executes the query and shows the actual execution plan, including time spent, rows processed, and loops. It helps me pinpoint whether a query is CPU-bound, memory-bound, or scanning too many rows, so I can optimize indexes, joins, or aggregations.‚Äù

üí° Quick tip: Always mention you compare estimated rows/cost vs actual rows/time ‚Äî that shows you understand planner vs real behavior, which architects love.